Build started 8/14/2012 11:24:34 PM.
     1>Project "C:\Users\dominque\Documents\Visual Studio 2010\Projects\EconCalculator\EconCalculator.vcxproj" on node 2 (build target(s)).
     1>InitializeBuildStatus:
         Creating "Debug\EconCalculator.unsuccessfulbuild" because "AlwaysCreate" was specified.
       ClCompile:
         c:\Program Files (x86)\Microsoft Visual Studio 10.0\VC\bin\CL.exe /c /ZI /nologo /W3 /WX- /Od /Oy- /D WIN32 /D _DEBUG /D _CONSOLE /D _UNICODE /D UNICODE /Gm /EHsc /RTC1 /MDd /GS /fp:precise /Zc:wchar_t /Zc:forScope /Yc"StdAfx.h" /Fp"Debug\EconCalculator.pch" /Fo"Debug\\" /Fd"Debug\vc100.pdb" /Gd /TP /analyze- /errorReport:prompt stdafx.cpp
         stdafx.cpp
         c:\Program Files (x86)\Microsoft Visual Studio 10.0\VC\bin\CL.exe /c /ZI /nologo /W3 /WX- /Od /Oy- /D WIN32 /D _DEBUG /D _CONSOLE /D _UNICODE /D UNICODE /Gm /EHsc /RTC1 /MDd /GS /fp:precise /Zc:wchar_t /Zc:forScope /Yu"StdAfx.h" /Fp"Debug\EconCalculator.pch" /Fo"Debug\\" /Fd"Debug\vc100.pdb" /Gd /TP /analyze- /errorReport:prompt EconCalculator.cpp
         EconCalculator.cpp
     1>c:\users\dominque\documents\visual studio 2010\projects\econcalculator\econcalculator.cpp(55): warning C4101: 'output' : unreferenced local variable
     1>c:\users\dominque\documents\visual studio 2010\projects\econcalculator\econcalculator.cpp(53): warning C4101: 'sale' : unreferenced local variable
     1>c:\users\dominque\documents\visual studio 2010\projects\econcalculator\econcalculator.cpp(54): warning C4101: 'variable' : unreferenced local variable
     1>c:\users\dominque\documents\visual studio 2010\projects\econcalculator\econcalculator.cpp(52): warning C4101: 'cost' : unreferenced local variable
       ManifestResourceCompile:
         C:\Program Files (x86)\Microsoft SDKs\Windows\v7.0A\bin\rc.exe /nologo /fo"Debug\EconCalculator.exe.embed.manifest.res" Debug\EconCalculator_manifest.rc 
       Link:
         c:\Program Files (x86)\Microsoft Visual Studio 10.0\VC\bin\link.exe /ERRORREPORT:PROMPT /OUT:"C:\Users\dominque\Documents\Visual Studio 2010\Projects\EconCalculator\Debug\EconCalculator.exe" /INCREMENTAL /NOLOGO kernel32.lib user32.lib gdi32.lib winspool.lib comdlg32.lib advapi32.lib shell32.lib ole32.lib oleaut32.lib uuid.lib odbc32.lib odbccp32.lib /MANIFEST /ManifestFile:"Debug\EconCalculator.exe.intermediate.manifest" /MANIFESTUAC:"level='asInvoker' uiAccess='false'" /DEBUG /PDB:"C:\Users\dominque\Documents\Visual Studio 2010\Projects\EconCalculator\Debug\EconCalculator.pdb" /SUBSYSTEM:CONSOLE /TLBID:1 /DYNAMICBASE /NXCOMPAT /IMPLIB:"C:\Users\dominque\Documents\Visual Studio 2010\Projects\EconCalculator\Debug\EconCalculator.lib" /MACHINE:X86 Debug\EconCalculator.exe.embed.manifest.res
         Debug\EconCalculator.obj
         Debug\stdafx.obj
       Manifest:
         C:\Program Files (x86)\Microsoft SDKs\Windows\v7.0A\bin\mt.exe /nologo /verbose /out:"Debug\EconCalculator.exe.embed.manifest" /manifest Debug\EconCalculator.exe.intermediate.manifest
         C:\Program Files (x86)\Microsoft SDKs\Windows\v7.0A\bin\rc.exe /nologo /fo"Debug\EconCalculator.exe.embed.manifest.res" Debug\EconCalculator_manifest.rc 
       LinkEmbedManifest:
         c:\Program Files (x86)\Microsoft Visual Studio 10.0\VC\bin\link.exe /ERRORREPORT:PROMPT /OUT:"C:\Users\dominque\Documents\Visual Studio 2010\Projects\EconCalculator\Debug\EconCalculator.exe" /INCREMENTAL /NOLOGO kernel32.lib user32.lib gdi32.lib winspool.lib comdlg32.lib advapi32.lib shell32.lib ole32.lib oleaut32.lib uuid.lib odbc32.lib odbccp32.lib /MANIFEST /ManifestFile:"Debug\EconCalculator.exe.intermediate.manifest" /MANIFESTUAC:"level='asInvoker' uiAccess='false'" /DEBUG /PDB:"C:\Users\dominque\Documents\Visual Studio 2010\Projects\EconCalculator\Debug\EconCalculator.pdb" /SUBSYSTEM:CONSOLE /TLBID:1 /DYNAMICBASE /NXCOMPAT /IMPLIB:"C:\Users\dominque\Documents\Visual Studio 2010\Projects\EconCalculator\Debug\EconCalculator.lib" /MACHINE:X86 Debug\EconCalculator.exe.embed.manifest.res
         Debug\EconCalculator.obj
         Debug\stdafx.obj
         EconCalculator.vcxproj -> C:\Users\dominque\Documents\Visual Studio 2010\Projects\EconCalculator\Debug\EconCalculator.exe
       FinalizeBuildStatus:
         Deleting file "Debug\EconCalculator.unsuccessfulbuild".
         Touching "Debug\EconCalculator.lastbuildstate".
     1>Done Building Project "C:\Users\dominque\Documents\Visual Studio 2010\Projects\EconCalculator\EconCalculator.vcxproj" (build target(s)).

Build succeeded.

Time Elapsed 00:00:06.51
